Microsoft (R) Macro Assembler Version 6.14.8444		    04/11/22 20:00:46
a.asm							     Page 1 - 1


				include console.inc
			      C .NOLIST
			      C .LIST
			      C ; Исключение из списка служебных слов
			      C option NoKeyWord: <c name str>
			      C 
			      C 
			      C 
			      C 
			      C ;include masm32.inc
			      C 
			      C    includelib masm32.lib
			      C    includelib user32.lib
			      C    includelib kernel32.lib
			      C    includelib msvcrt.lib
			      C    
			      C 

				COMMENT *
				   Ввод целого числа и вывод суммы его цифр
				*

 000002E1			.data
 000002E1 00000000		   X   dd  ?
 000002E5 00			   Sum db ?; Сумма цифр

 = 80000000			MaxLongint equ 80000000h

 000003C0			.code
 000003C0  8D 00		lea eax,[eax+00h]
 000003C2  BE FFFF0000		   mov esi,0FFFF0000h
				   outnumln esi,,b
 000005E9  66| 83 C6 01		   add si,1
				   outnumln esi,,b
				   newline
 0000087A  B8 FFFF0000		   mov eax,0FFFF0000h
				   outnumln eax,,b
 00000AA1  66| B8 0002		   mov ax,2
				   outnumln eax,,b
				exit
 00000CCF  26: A1		   mov eax,es:X
	   000002E1 R
 00000CD5  2E: A1		   mov eax,cs:X
	   000002E1 R
 00000CDB  36: A1		   mov eax,ss:X
	   000002E1 R
 00000CE1  26 36 2E		   db  26h,36h,2Eh
 00000CE4  A1 000002E1 R	   mov eax,X
 00000CE9			Start:
				   GotoXY 10,10
				   Pause    'Начнём, пожалуй...'
				   ConsoleTitle "   Ввод целого числа, вывод суммы его цифр"

 00000E1E			Begin:
				   clrscr
				   newline 2
 00000EF9  C6 05 000002E5 R	   mov   Sum,0
	   00
				   outstr 'Введите целое X='
				   inintln X
				OutFlags
 00001180  0F 83 00000167	   jnc   @L
 00001186  83 3D 000002E1 R	   cmp   X,0
	   00
 0000118D  0F 85 000000AD	   jne   @F
				   outstrln 'Плохая лексема числа !'
 0000123B  E9 000002ED		   jmp   Next
 00001240			@@:
				   outstrln 'Слишком большое число!'
 000012E8  E9 00000240		   jmp   Next
 000012ED  0F 85 000000AA	@L:jnz   @F
 000012F3  9C			   pushfd
				   outstrln 'Введено число меньше нуля! ZF=1'
 0000139C  9D			   popfd
 0000139D  0F 89 000000A8	@@:jns   @F
				   outstrln 'Плохой конец лексемы целого числа!'
 0000144B  BB 0000000A		@@:mov   ebx,10
 00001450  A1 000002E1 R	   mov   eax,X
 00001455  99			L: cdq
 00001456  F7 FB		   idiv  ebx
 00001458  F7 DA		L1:neg   edx
 0000145A  78 FC		   js    L1; edx:=abs(edx)
 0000145C  00 15 000002E5 R	   add   Sum,dl; Sum:=Sum+цифра
 00001462  83 F8 00		   cmp   eax,0
 00001465  75 EE		   jne   L
				   outwordln Sum,,"Сумма цифр="

 0000152D			Next:
				   MsgBox "Конец программы",                            \
				          <"Желаете ещё раз?",13,10,"Или НЕ желаете?">, \
				          MB_YESNO+MB_ICONQUESTION
 000015A0  83 F8 06		   cmp   eax,IDYES
 000015A3  0F 84 FFFFF875	   je    Begin

				   exit
				   end Start
Microsoft (R) Macro Assembler Version 6.14.8444		    04/11/22 20:00:46
a.asm							     Symbols 2 - 1




Macros:

                N a m e                 Type

??CheckStrToBuf  . . . . . . . .	Proc
??FindESP  . . . . . . . . . . .	Proc
??RestoreReg . . . . . . . . . .	Proc
??SaveReg  . . . . . . . . . . .	Proc
@GetCommandLine  . . . . . . . .	Func
@Random  . . . . . . . . . . . .	Func
@inchar  . . . . . . . . . . . .	Func
@inintln . . . . . . . . . . . .	Func
@inint . . . . . . . . . . . . .	Func
@readkey . . . . . . . . . . . .	Func
ChagePageAttr  . . . . . . . . .	Proc
ClrScr . . . . . . . . . . . . .	Proc
ConsoleMode  . . . . . . . . . .	Proc
ConsoleTitle . . . . . . . . . .	Proc
DOS  . . . . . . . . . . . . . .	Func
DownloadFile . . . . . . . . . .	Proc
GetConsoleTitle  . . . . . . . .	Proc
HeapBlockSize  . . . . . . . . .	Proc
InputStr . . . . . . . . . . . .	Proc
MsgBox . . . . . . . . . . . . .	Proc
NewConsole . . . . . . . . . . .	Proc
OpenFile . . . . . . . . . . . .	Proc
OutFlags . . . . . . . . . . . .	Proc
OutF . . . . . . . . . . . . . .	Proc
Randomize  . . . . . . . . . . .	Proc
RunExe . . . . . . . . . . . . .	Proc
SetScreenSize  . . . . . . . . .	Proc
SetTextAttr  . . . . . . . . . .	Proc
TotalHeapAllocated . . . . . . .	Proc
WhereX . . . . . . . . . . . . .	Proc
WhereY . . . . . . . . . . . . .	Proc
dispose  . . . . . . . . . . . .	Proc
exit . . . . . . . . . . . . . .	Proc
flush  . . . . . . . . . . . . .	Proc
gotoXY . . . . . . . . . . . . .	Proc
inchar . . . . . . . . . . . . .	Proc
inintln  . . . . . . . . . . . .	Proc
inint  . . . . . . . . . . . . .	Proc
newline  . . . . . . . . . . . .	Proc
new  . . . . . . . . . . . . . .	Proc
outcharln  . . . . . . . . . . .	Proc
outchar  . . . . . . . . . . . .	Proc
outdateln  . . . . . . . . . . .	Proc
outdate  . . . . . . . . . . . .	Proc
outintln . . . . . . . . . . . .	Proc
outint . . . . . . . . . . . . .	Proc
outnumln . . . . . . . . . . . .	Proc
outnum . . . . . . . . . . . . .	Proc
outstrln . . . . . . . . . . . .	Proc
outstr . . . . . . . . . . . . .	Proc
outtimeln  . . . . . . . . . . .	Proc
outtime  . . . . . . . . . . . .	Proc
outwordln  . . . . . . . . . . .	Proc
outword  . . . . . . . . . . . .	Proc
pause  . . . . . . . . . . . . .	Proc
readkey  . . . . . . . . . . . .	Proc


Structures and Unions:

                N a m e                  Size
                                         Offset      Type

CONSOLE_SCREEN_BUFFER_INFO . . .	 00000016
  dwSize . . . . . . . . . . . .	 00000000	 DWord
  dwCursorPosition . . . . . . .	 00000004	 DWord
  wAttributes  . . . . . . . . .	 00000008	 Word
  srWindow . . . . . . . . . . .	 0000000A	 QWord
  dwMaximumWindowSize  . . . . .	 00000012	 DWord
COORD  . . . . . . . . . . . . .	 00000004
  x  . . . . . . . . . . . . . .	 00000000	 Word
  y  . . . . . . . . . . . . . .	 00000002	 Word
SMALL_RECT . . . . . . . . . . .	 00000008
  Left . . . . . . . . . . . . .	 00000000	 Word
  Top  . . . . . . . . . . . . .	 00000002	 Word
  Right  . . . . . . . . . . . .	 00000004	 Word
  Bottom . . . . . . . . . . . .	 00000006	 Word
SystemTime . . . . . . . . . . .	 00000010
  wYear  . . . . . . . . . . . .	 00000000	 Word
  wMonth . . . . . . . . . . . .	 00000002	 Word
  wDayOfWeek . . . . . . . . . .	 00000004	 Word
  wDay . . . . . . . . . . . . .	 00000006	 Word
  wHour  . . . . . . . . . . . .	 00000008	 Word
  wMinute  . . . . . . . . . . .	 0000000A	 Word
  wSecond  . . . . . . . . . . .	 0000000C	 Word
  wMilliseconds  . . . . . . . .	 0000000E	 Word


Types:

                N a m e                  Size     Attr

c_msvcrt . . . . . . . . . . . .	 00000004     CODE 
params4  . . . . . . . . . . . .	 00000004     CODE 


Segments and Groups:

                N a m e                 Size     Length   Align   Combine Class

FLAT . . . . . . . . . . . . . .	GROUP
STACK  . . . . . . . . . . . . .	32 Bit	 00001000 Para	  Stack	  'STACK'	 
_DATA  . . . . . . . . . . . . .	32 Bit	 00002821 Para	  Public  'DATA'	
_TEXT  . . . . . . . . . . . . .	32 Bit	 000015B1 Para	  Public  'CODE'	


Procedures,  parameters and locals:

                N a m e                 Type     Value    Attr

CharToOemA . . . . . . . . . . .	P Near	 00000000 FLAT	Length= 00000000 External STDCALL
ClearScreen  . . . . . . . . . .	P Near	 00000000 FLAT	Length= 00000000 External STDCALL
CloseHandle  . . . . . . . . . .	P Near	 00000000 FLAT	Length= 00000000 External STDCALL
CreateFileA  . . . . . . . . . .	P Near	 00000000 FLAT	Length= 00000000 External STDCALL
ExitProcess  . . . . . . . . . .	P Near	 00000000 FLAT	Length= 00000000 External STDCALL
GetCommandLineA  . . . . . . . .	P Near	 00000000 FLAT	Length= 00000000 External STDCALL
GetConsoleScreenBufferInfo . . .	P Near	 00000000 FLAT	Length= 00000000 External STDCALL
GetConsoleTitleA . . . . . . . .	P Near	 00000000 FLAT	Length= 00000000 External STDCALL
GetModuleHandleA . . . . . . . .	P Near	 00000000 FLAT	Length= 00000000 External STDCALL
GetStdHandle . . . . . . . . . .	P Near	 00000000 FLAT	Length= 00000000 External STDCALL
GetSystemMetrics . . . . . . . .	P Near	 00000000 FLAT	Length= 00000000 External STDCALL
GetSystemTime  . . . . . . . . .	P Near	 00000000 FLAT	Length= 00000000 External STDCALL
GetTickCount . . . . . . . . . .	P Near	 00000000 FLAT	Length= 00000000 External STDCALL
GlobalAlloc  . . . . . . . . . .	P Near	 00000000 FLAT	Length= 00000000 External STDCALL
GlobalFree . . . . . . . . . . .	P Near	 00000000 FLAT	Length= 00000000 External STDCALL
GlobalSize . . . . . . . . . . .	P Near	 00000000 FLAT	Length= 00000000 External STDCALL
InternetGetConnectedState  . . .	P Near	 00000000 FLAT	Length= 00000000 External STDCALL
MessageBoxIndirectA  . . . . . .	P Near	 00000000 FLAT	Length= 00000000 External STDCALL
SetConsoleCtrlHandler  . . . . .	P Near	 00000000 FLAT	Length= 00000000 External STDCALL
SetConsoleCursorPosition . . . .	P Near	 00000000 FLAT	Length= 00000000 External STDCALL
SetConsoleScreenBufferSize . . .	P Near	 00000000 FLAT	Length= 00000000 External STDCALL
SetConsoleTextAttribute  . . . .	P Near	 00000000 FLAT	Length= 00000000 External STDCALL
SetConsoleTitleA . . . . . . . .	P Near	 00000000 FLAT	Length= 00000000 External STDCALL
Sleep  . . . . . . . . . . . . .	P Near	 00000000 FLAT	Length= 00000000 External STDCALL
StdIn  . . . . . . . . . . . . .	P Near	 00000000 FLAT	Length= 00000000 External STDCALL
StdOut . . . . . . . . . . . . .	P Near	 00000000 FLAT	Length= 00000000 External STDCALL
URLDownloadToFileA . . . . . . .	P Near	 00000000 FLAT	Length= 00000000 External STDCALL
VirtualProtect . . . . . . . . .	P Near	 00000000 FLAT	Length= 00000000 External STDCALL
WinToDos . . . . . . . . . . . .	P Near	 00000000 _TEXT	Length= 00000032 Public STDCALL
  @L . . . . . . . . . . . . . .	L Near	 00000003 _TEXT	
  @L2  . . . . . . . . . . . . .	L Near	 0000002A _TEXT	
  @Voz . . . . . . . . . . . . .	L Near	 0000002F _TEXT	
inint_proc . . . . . . . . . . .	P Near	 00000032 _TEXT	Length= 0000038E Public STDCALL
  @MM  . . . . . . . . . . . . .	L Near	 0000004C _TEXT	
  @@KOH1 . . . . . . . . . . . .	L Near	 000001CB _TEXT	
  @@KOH  . . . . . . . . . . . .	L Near	 000001D2 _TEXT	
  @VOZ . . . . . . . . . . . . .	L Near	 000001FA _TEXT	
  @@Error  . . . . . . . . . . .	L Near	 000001FE _TEXT	
  ??0005 . . . . . . . . . . . .	L Near	 0000023E _TEXT	
  ??000D . . . . . . . . . . . .	L Near	 00000271 _TEXT	
  ??000E . . . . . . . . . . . .	L Near	 000002A5 _TEXT	
  @@Error1 . . . . . . . . . . .	L Near	 000002DF _TEXT	
  ??0014 . . . . . . . . . . . .	L Near	 0000031F _TEXT	
  ??001C . . . . . . . . . . . .	L Near	 00000352 _TEXT	
  ??001D . . . . . . . . . . . .	L Near	 00000386 _TEXT	
nrandom  . . . . . . . . . . . .	P Near	 00000000 FLAT	Length= 00000000 External STDCALL
nseed  . . . . . . . . . . . . .	P Near	 00000000 FLAT	Length= 00000000 External STDCALL
shell_ex . . . . . . . . . . . .	P Near	 00000000 FLAT	Length= 00000000 External STDCALL
shell  . . . . . . . . . . . . .	P Near	 00000000 FLAT	Length= 00000000 External STDCALL
wait_key . . . . . . . . . . . .	P Near	 00000000 FLAT	Length= 00000000 External STDCALL


Symbols:

                N a m e                 Type     Value    Attr

??0000 . . . . . . . . . . . . .	Byte	 00000054 _DATA	
??0001 . . . . . . . . . . . . .	Byte	 00000025 _DATA	
??0002 . . . . . . . . . . . . .	Text   	 "
??0003 . . . . . . . . . . . . .	Byte	 00000024 _DATA	
??0006 . . . . . . . . . . . . .	Number	 00000000h   
??0007 . . . . . . . . . . . . .	Byte	 00000057 _DATA	
??0009 . . . . . . . . . . . . .	Byte	 00000186 _DATA	
??000A . . . . . . . . . . . . .	Byte	 0000005A _DATA	
??000B . . . . . . . . . . . . .	Text   	 o
??000C . . . . . . . . . . . . .	Byte	 00000059 _DATA	
??000F . . . . . . . . . . . . .	Byte	 000001AC _DATA	
??0010 . . . . . . . . . . . . .	Byte	 0000018A _DATA	
??0011 . . . . . . . . . . . . .	Text   	 "
??0012 . . . . . . . . . . . . .	Byte	 00000189 _DATA	
??0015 . . . . . . . . . . . . .	Number	 00000000h   
??0016 . . . . . . . . . . . . .	Byte	 000001AF _DATA	
??0018 . . . . . . . . . . . . .	Byte	 000002DE _DATA	
??0019 . . . . . . . . . . . . .	Byte	 000001B2 _DATA	
??001A . . . . . . . . . . . . .	Text   	 o
??001B . . . . . . . . . . . . .	Byte	 000001B1 _DATA	
??001E . . . . . . . . . . . . .	Number	 00000001h   
??001F . . . . . . . . . . . . .	Number	 00000002h   
??0020 . . . . . . . . . . . . .	Number	 00000000h   
??0022 . . . . . . . . . . . . .	L Near	 000003D4 _TEXT	
??0023 . . . . . . . . . . . . .	L Near	 00000446 _TEXT	
??0024 . . . . . . . . . . . . .	L Near	 000004AA _TEXT	
??0025 . . . . . . . . . . . . .	L Near	 00000518 _TEXT	
??0029 . . . . . . . . . . . . .	Number	 00000004h   
??002B . . . . . . . . . . . . .	Number	 00000000h   
??002C . . . . . . . . . . . . .	Byte	 000002E6 _DATA	
??002E . . . . . . . . . . . . .	Byte	 00000415 _DATA	
??002F . . . . . . . . . . . . .	Byte	 000002E9 _DATA	
??0030 . . . . . . . . . . . . .	Text   	 o
??0031 . . . . . . . . . . . . .	Byte	 000002E8 _DATA	
??0032 . . . . . . . . . . . . .	L Near	 000003FC _TEXT	
??0033 . . . . . . . . . . . . .	L Near	 00000430 _TEXT	
??0034 . . . . . . . . . . . . .	Number	 00000000h   
??0035 . . . . . . . . . . . . .	Byte	 00000418 _DATA	
??0037 . . . . . . . . . . . . .	Byte	 00000547 _DATA	
??0038 . . . . . . . . . . . . .	Byte	 0000041B _DATA	
??0039 . . . . . . . . . . . . .	Text   	 o
??003A . . . . . . . . . . . . .	Byte	 0000041A _DATA	
??003B . . . . . . . . . . . . .	L Near	 00000461 _TEXT	
??003C . . . . . . . . . . . . .	L Near	 00000495 _TEXT	
??003D . . . . . . . . . . . . .	Number	 00000000h   
??003E . . . . . . . . . . . . .	Byte	 0000054A _DATA	
??0040 . . . . . . . . . . . . .	Byte	 00000679 _DATA	
??0041 . . . . . . . . . . . . .	Byte	 0000054D _DATA	
??0042 . . . . . . . . . . . . .	Text   	 o
??0043 . . . . . . . . . . . . .	Byte	 0000054C _DATA	
??0044 . . . . . . . . . . . . .	L Near	 000004D0 _TEXT	
??0045 . . . . . . . . . . . . .	L Near	 00000504 _TEXT	
??0046 . . . . . . . . . . . . .	Number	 00000000h   
??0047 . . . . . . . . . . . . .	Byte	 0000067C _DATA	
??0049 . . . . . . . . . . . . .	Byte	 000007AB _DATA	
??004A . . . . . . . . . . . . .	Byte	 0000067F _DATA	
??004B . . . . . . . . . . . . .	Text   	 o
??004C . . . . . . . . . . . . .	Byte	 0000067E _DATA	
??004D . . . . . . . . . . . . .	L Near	 00000533 _TEXT	
??004E . . . . . . . . . . . . .	L Near	 00000567 _TEXT	
??004F . . . . . . . . . . . . .	Number	 00000000h   
??0050 . . . . . . . . . . . . .	Byte	 000007AE _DATA	
??0052 . . . . . . . . . . . . .	Byte	 000008DD _DATA	
??0053 . . . . . . . . . . . . .	Byte	 000007B1 _DATA	
??0054 . . . . . . . . . . . . .	Text   	 o
??0055 . . . . . . . . . . . . .	Byte	 000007B0 _DATA	
??0056 . . . . . . . . . . . . .	L Near	 0000059D _TEXT	
??0057 . . . . . . . . . . . . .	L Near	 000005D1 _TEXT	
??0058 . . . . . . . . . . . . .	Number	 00000001h   
??0059 . . . . . . . . . . . . .	Number	 00000002h   
??005A . . . . . . . . . . . . .	Number	 00000000h   
??005C . . . . . . . . . . . . .	L Near	 000005FA _TEXT	
??005D . . . . . . . . . . . . .	L Near	 0000066C _TEXT	
??005E . . . . . . . . . . . . .	L Near	 000006D0 _TEXT	
??005F . . . . . . . . . . . . .	L Near	 0000073E _TEXT	
??0063 . . . . . . . . . . . . .	Number	 00000004h   
??0065 . . . . . . . . . . . . .	Number	 00000000h   
??0066 . . . . . . . . . . . . .	Byte	 000008E0 _DATA	
??0068 . . . . . . . . . . . . .	Byte	 00000A0F _DATA	
??0069 . . . . . . . . . . . . .	Byte	 000008E3 _DATA	
??006A . . . . . . . . . . . . .	Text   	 o
??006B . . . . . . . . . . . . .	Byte	 000008E2 _DATA	
??006C . . . . . . . . . . . . .	L Near	 00000622 _TEXT	
??006D . . . . . . . . . . . . .	L Near	 00000656 _TEXT	
??006E . . . . . . . . . . . . .	Number	 00000000h   
??006F . . . . . . . . . . . . .	Byte	 00000A12 _DATA	
??0071 . . . . . . . . . . . . .	Byte	 00000B41 _DATA	
??0072 . . . . . . . . . . . . .	Byte	 00000A15 _DATA	
??0073 . . . . . . . . . . . . .	Text   	 o
??0074 . . . . . . . . . . . . .	Byte	 00000A14 _DATA	
??0075 . . . . . . . . . . . . .	L Near	 00000687 _TEXT	
??0076 . . . . . . . . . . . . .	L Near	 000006BB _TEXT	
??0077 . . . . . . . . . . . . .	Number	 00000000h   
??0078 . . . . . . . . . . . . .	Byte	 00000B44 _DATA	
??007A . . . . . . . . . . . . .	Byte	 00000C73 _DATA	
??007B . . . . . . . . . . . . .	Byte	 00000B47 _DATA	
??007C . . . . . . . . . . . . .	Text   	 o
??007D . . . . . . . . . . . . .	Byte	 00000B46 _DATA	
??007E . . . . . . . . . . . . .	L Near	 000006F6 _TEXT	
??007F . . . . . . . . . . . . .	L Near	 0000072A _TEXT	
??0080 . . . . . . . . . . . . .	Number	 00000000h   
??0081 . . . . . . . . . . . . .	Byte	 00000C76 _DATA	
??0083 . . . . . . . . . . . . .	Byte	 00000DA5 _DATA	
??0084 . . . . . . . . . . . . .	Byte	 00000C79 _DATA	
??0085 . . . . . . . . . . . . .	Text   	 o
??0086 . . . . . . . . . . . . .	Byte	 00000C78 _DATA	
??0087 . . . . . . . . . . . . .	L Near	 00000759 _TEXT	
??0088 . . . . . . . . . . . . .	L Near	 0000078D _TEXT	
??0089 . . . . . . . . . . . . .	Number	 00000000h   
??008A . . . . . . . . . . . . .	Byte	 00000DA8 _DATA	
??008C . . . . . . . . . . . . .	Byte	 00000ED7 _DATA	
??008D . . . . . . . . . . . . .	Byte	 00000DAB _DATA	
??008E . . . . . . . . . . . . .	Text   	 o
??008F . . . . . . . . . . . . .	Byte	 00000DAA _DATA	
??0090 . . . . . . . . . . . . .	L Near	 000007C3 _TEXT	
??0091 . . . . . . . . . . . . .	L Near	 000007F7 _TEXT	
??0092 . . . . . . . . . . . . .	Number	 00000000h   
??0093 . . . . . . . . . . . . .	Byte	 00000EDA _DATA	
??0095 . . . . . . . . . . . . .	Byte	 00001009 _DATA	
??0096 . . . . . . . . . . . . .	Byte	 00000EDD _DATA	
??0097 . . . . . . . . . . . . .	Text   	 o
??0098 . . . . . . . . . . . . .	Byte	 00000EDC _DATA	
??0099 . . . . . . . . . . . . .	L Near	 0000082E _TEXT	
??009A . . . . . . . . . . . . .	L Near	 00000862 _TEXT	
??009B . . . . . . . . . . . . .	Number	 00000001h   
??009C . . . . . . . . . . . . .	Number	 00000002h   
??009D . . . . . . . . . . . . .	Number	 00000000h   
??009F . . . . . . . . . . . . .	L Near	 0000088C _TEXT	
??00A0 . . . . . . . . . . . . .	L Near	 000008FE _TEXT	
??00A1 . . . . . . . . . . . . .	L Near	 00000962 _TEXT	
??00A2 . . . . . . . . . . . . .	L Near	 000009D0 _TEXT	
??00A6 . . . . . . . . . . . . .	Number	 00000004h   
??00A8 . . . . . . . . . . . . .	Number	 00000000h   
??00A9 . . . . . . . . . . . . .	Byte	 0000100C _DATA	
??00AB . . . . . . . . . . . . .	Byte	 0000113B _DATA	
??00AC . . . . . . . . . . . . .	Byte	 0000100F _DATA	
??00AD . . . . . . . . . . . . .	Text   	 o
??00AE . . . . . . . . . . . . .	Byte	 0000100E _DATA	
??00AF . . . . . . . . . . . . .	L Near	 000008B4 _TEXT	
??00B0 . . . . . . . . . . . . .	L Near	 000008E8 _TEXT	
??00B1 . . . . . . . . . . . . .	Number	 00000000h   
??00B2 . . . . . . . . . . . . .	Byte	 0000113E _DATA	
??00B4 . . . . . . . . . . . . .	Byte	 0000126D _DATA	
??00B5 . . . . . . . . . . . . .	Byte	 00001141 _DATA	
??00B6 . . . . . . . . . . . . .	Text   	 o
??00B7 . . . . . . . . . . . . .	Byte	 00001140 _DATA	
??00B8 . . . . . . . . . . . . .	L Near	 00000919 _TEXT	
??00B9 . . . . . . . . . . . . .	L Near	 0000094D _TEXT	
??00BA . . . . . . . . . . . . .	Number	 00000000h   
??00BB . . . . . . . . . . . . .	Byte	 00001270 _DATA	
??00BD . . . . . . . . . . . . .	Byte	 0000139F _DATA	
??00BE . . . . . . . . . . . . .	Byte	 00001273 _DATA	
??00BF . . . . . . . . . . . . .	Text   	 o
??00C0 . . . . . . . . . . . . .	Byte	 00001272 _DATA	
??00C1 . . . . . . . . . . . . .	L Near	 00000988 _TEXT	
??00C2 . . . . . . . . . . . . .	L Near	 000009BC _TEXT	
??00C3 . . . . . . . . . . . . .	Number	 00000000h   
??00C4 . . . . . . . . . . . . .	Byte	 000013A2 _DATA	
??00C6 . . . . . . . . . . . . .	Byte	 000014D1 _DATA	
??00C7 . . . . . . . . . . . . .	Byte	 000013A5 _DATA	
??00C8 . . . . . . . . . . . . .	Text   	 o
??00C9 . . . . . . . . . . . . .	Byte	 000013A4 _DATA	
??00CA . . . . . . . . . . . . .	L Near	 000009EB _TEXT	
??00CB . . . . . . . . . . . . .	L Near	 00000A1F _TEXT	
??00CC . . . . . . . . . . . . .	Number	 00000000h   
??00CD . . . . . . . . . . . . .	Byte	 000014D4 _DATA	
??00CF . . . . . . . . . . . . .	Byte	 00001603 _DATA	
??00D0 . . . . . . . . . . . . .	Byte	 000014D7 _DATA	
??00D1 . . . . . . . . . . . . .	Text   	 o
??00D2 . . . . . . . . . . . . .	Byte	 000014D6 _DATA	
??00D3 . . . . . . . . . . . . .	L Near	 00000A55 _TEXT	
??00D4 . . . . . . . . . . . . .	L Near	 00000A89 _TEXT	
??00D5 . . . . . . . . . . . . .	Number	 00000001h   
??00D6 . . . . . . . . . . . . .	Number	 00000002h   
??00D7 . . . . . . . . . . . . .	Number	 00000000h   
??00D9 . . . . . . . . . . . . .	L Near	 00000AB2 _TEXT	
??00DA . . . . . . . . . . . . .	L Near	 00000B24 _TEXT	
??00DB . . . . . . . . . . . . .	L Near	 00000B88 _TEXT	
??00DC . . . . . . . . . . . . .	L Near	 00000BF6 _TEXT	
??00E0 . . . . . . . . . . . . .	Number	 00000004h   
??00E2 . . . . . . . . . . . . .	Number	 00000000h   
??00E3 . . . . . . . . . . . . .	Byte	 00001606 _DATA	
??00E5 . . . . . . . . . . . . .	Byte	 00001735 _DATA	
??00E6 . . . . . . . . . . . . .	Byte	 00001609 _DATA	
??00E7 . . . . . . . . . . . . .	Text   	 o
??00E8 . . . . . . . . . . . . .	Byte	 00001608 _DATA	
??00E9 . . . . . . . . . . . . .	L Near	 00000ADA _TEXT	
??00EA . . . . . . . . . . . . .	L Near	 00000B0E _TEXT	
??00EB . . . . . . . . . . . . .	Number	 00000000h   
??00EC . . . . . . . . . . . . .	Byte	 00001738 _DATA	
??00EE . . . . . . . . . . . . .	Byte	 00001867 _DATA	
??00EF . . . . . . . . . . . . .	Byte	 0000173B _DATA	
??00F0 . . . . . . . . . . . . .	Text   	 o
??00F1 . . . . . . . . . . . . .	Byte	 0000173A _DATA	
??00F2 . . . . . . . . . . . . .	L Near	 00000B3F _TEXT	
??00F3 . . . . . . . . . . . . .	L Near	 00000B73 _TEXT	
??00F4 . . . . . . . . . . . . .	Number	 00000000h   
??00F5 . . . . . . . . . . . . .	Byte	 0000186A _DATA	
??00F7 . . . . . . . . . . . . .	Byte	 00001999 _DATA	
??00F8 . . . . . . . . . . . . .	Byte	 0000186D _DATA	
??00F9 . . . . . . . . . . . . .	Text   	 o
??00FA . . . . . . . . . . . . .	Byte	 0000186C _DATA	
??00FB . . . . . . . . . . . . .	L Near	 00000BAE _TEXT	
??00FC . . . . . . . . . . . . .	L Near	 00000BE2 _TEXT	
??00FD . . . . . . . . . . . . .	Number	 00000000h   
??00FE . . . . . . . . . . . . .	Byte	 0000199C _DATA	
??0100 . . . . . . . . . . . . .	Byte	 00001ACB _DATA	
??0101 . . . . . . . . . . . . .	Byte	 0000199F _DATA	
??0102 . . . . . . . . . . . . .	Text   	 o
??0103 . . . . . . . . . . . . .	Byte	 0000199E _DATA	
??0104 . . . . . . . . . . . . .	L Near	 00000C11 _TEXT	
??0105 . . . . . . . . . . . . .	L Near	 00000C45 _TEXT	
??0106 . . . . . . . . . . . . .	Number	 00000000h   
??0107 . . . . . . . . . . . . .	Byte	 00001ACE _DATA	
??0109 . . . . . . . . . . . . .	Byte	 00001BFD _DATA	
??010A . . . . . . . . . . . . .	Byte	 00001AD1 _DATA	
??010B . . . . . . . . . . . . .	Text   	 o
??010C . . . . . . . . . . . . .	Byte	 00001AD0 _DATA	
??010D . . . . . . . . . . . . .	L Near	 00000C7B _TEXT	
??010E . . . . . . . . . . . . .	L Near	 00000CAF _TEXT	
??010F . . . . . . . . . . . . .	Word	 00001C00 _DATA	
??0110 . . . . . . . . . . . . .	Byte	 00001C18 _DATA	
??0111 . . . . . . . . . . . . .	Byte	 00001C05 _DATA	
??0112 . . . . . . . . . . . . .	Text   	 "
??0113 . . . . . . . . . . . . .	Byte	 00001C04 _DATA	
??0115 . . . . . . . . . . . . .	L Near	 00000D5F _TEXT	
??0116 . . . . . . . . . . . . .	Number	 00000000h   
??0117 . . . . . . . . . . . . .	Byte	 00001C1B _DATA	
??0119 . . . . . . . . . . . . .	Byte	 00001D4A _DATA	
??011A . . . . . . . . . . . . .	Byte	 00001C1E _DATA	
??011B . . . . . . . . . . . . .	Text   	 o
??011C . . . . . . . . . . . . .	Byte	 00001C1D _DATA	
??011D . . . . . . . . . . . . .	L Near	 00000D9F _TEXT	
??011E . . . . . . . . . . . . .	L Near	 00000DD3 _TEXT	
??011F . . . . . . . . . . . . .	Byte	 00001D4E _DATA	
??0120 . . . . . . . . . . . . .	Text   	 "
??0121 . . . . . . . . . . . . .	Byte	 00001D4D _DATA	
??0123 . . . . . . . . . . . . .	L Near	 00000E14 _TEXT	
??0124 . . . . . . . . . . . . .	Number	 00000000h   
??0125 . . . . . . . . . . . . .	Byte	 00001D79 _DATA	
??0127 . . . . . . . . . . . . .	Byte	 00001EA8 _DATA	
??0128 . . . . . . . . . . . . .	Byte	 00001D7C _DATA	
??0129 . . . . . . . . . . . . .	Text   	 o
??012A . . . . . . . . . . . . .	Byte	 00001D7B _DATA	
??012B . . . . . . . . . . . . .	L Near	 00000E4A _TEXT	
??012C . . . . . . . . . . . . .	L Near	 00000E7E _TEXT	
??012D . . . . . . . . . . . . .	Number	 00000000h   
??012E . . . . . . . . . . . . .	Byte	 00001EAB _DATA	
??0130 . . . . . . . . . . . . .	Byte	 00001FDA _DATA	
??0131 . . . . . . . . . . . . .	Byte	 00001EAE _DATA	
??0132 . . . . . . . . . . . . .	Text   	 o
??0133 . . . . . . . . . . . . .	Byte	 00001EAD _DATA	
??0134 . . . . . . . . . . . . .	L Near	 00000EAD _TEXT	
??0135 . . . . . . . . . . . . .	L Near	 00000EE1 _TEXT	
??0136 . . . . . . . . . . . . .	Byte	 00001FEF _DATA	
??0137 . . . . . . . . . . . . .	Byte	 00001FDE _DATA	
??0138 . . . . . . . . . . . . .	Text   	 "
??0139 . . . . . . . . . . . . .	Byte	 00001FDD _DATA	
??013B . . . . . . . . . . . . .	L Near	 00000F29 _TEXT	
??013C . . . . . . . . . . . . .	Number	 00000000h   
??013D . . . . . . . . . . . . .	DWord	 00001FF2 _DATA	
??013E . . . . . . . . . . . . .	Byte	 00001FF6 _DATA	
??0140 . . . . . . . . . . . . .	L Near	 00000F5A _TEXT	
??0141 . . . . . . . . . . . . .	Number	 00000001h   
??0142 . . . . . . . . . . . . .	Number	 00000002h   
??0143 . . . . . . . . . . . . .	Number	 00000000h   
??0144 . . . . . . . . . . . . .	Byte	 00002001 _DATA	
??014C . . . . . . . . . . . . .	Number	 00000004h   
??014E . . . . . . . . . . . . .	Byte	 00001FFE _DATA	
??014F . . . . . . . . . . . . .	Byte	 00001FFA _DATA	
??0150 . . . . . . . . . . . . .	Text   	 "
??0151 . . . . . . . . . . . . .	Byte	 00001FF9 _DATA	
??0153 . . . . . . . . . . . . .	L Near	 00000FB7 _TEXT	
??0154 . . . . . . . . . . . . .	Number	 00000001h   
??0155 . . . . . . . . . . . . .	Number	 00000002h   
??0156 . . . . . . . . . . . . .	Number	 00000000h   
??0157 . . . . . . . . . . . . .	Byte	 0000200E _DATA	
??015F . . . . . . . . . . . . .	Number	 00000004h   
??0161 . . . . . . . . . . . . .	Byte	 0000200B _DATA	
??0162 . . . . . . . . . . . . .	Byte	 00002007 _DATA	
??0163 . . . . . . . . . . . . .	Text   	 "
??0164 . . . . . . . . . . . . .	Byte	 00002006 _DATA	
??0166 . . . . . . . . . . . . .	L Near	 0000101B _TEXT	
??0167 . . . . . . . . . . . . .	Number	 00000001h   
??0168 . . . . . . . . . . . . .	Number	 00000002h   
??0169 . . . . . . . . . . . . .	Number	 00000000h   
??016A . . . . . . . . . . . . .	Byte	 0000201B _DATA	
??0172 . . . . . . . . . . . . .	Number	 00000004h   
??0174 . . . . . . . . . . . . .	Byte	 00002018 _DATA	
??0175 . . . . . . . . . . . . .	Byte	 00002014 _DATA	
??0176 . . . . . . . . . . . . .	Text   	 "
??0177 . . . . . . . . . . . . .	Byte	 00002013 _DATA	
??0179 . . . . . . . . . . . . .	L Near	 0000107F _TEXT	
??017A . . . . . . . . . . . . .	Number	 00000001h   
??017B . . . . . . . . . . . . .	Number	 00000002h   
??017C . . . . . . . . . . . . .	Number	 00000000h   
??017D . . . . . . . . . . . . .	Byte	 00002028 _DATA	
??0185 . . . . . . . . . . . . .	Number	 00000004h   
??0187 . . . . . . . . . . . . .	Byte	 00002025 _DATA	
??0188 . . . . . . . . . . . . .	Byte	 00002021 _DATA	
??0189 . . . . . . . . . . . . .	Text   	 "
??018A . . . . . . . . . . . . .	Byte	 00002020 _DATA	
??018C . . . . . . . . . . . . .	L Near	 000010E3 _TEXT	
??018D . . . . . . . . . . . . .	Number	 00000000h   
??018E . . . . . . . . . . . . .	Byte	 0000202D _DATA	
??0190 . . . . . . . . . . . . .	Byte	 0000215C _DATA	
??0191 . . . . . . . . . . . . .	Byte	 00002030 _DATA	
??0192 . . . . . . . . . . . . .	Text   	 o
??0193 . . . . . . . . . . . . .	Byte	 0000202F _DATA	
??0194 . . . . . . . . . . . . .	L Near	 00001130 _TEXT	
??0195 . . . . . . . . . . . . .	L Near	 00001164 _TEXT	
??0196 . . . . . . . . . . . . .	Byte	 00002177 _DATA	
??0197 . . . . . . . . . . . . .	Byte	 00002160 _DATA	
??0198 . . . . . . . . . . . . .	Text   	 "
??0199 . . . . . . . . . . . . .	Byte	 0000215F _DATA	
??019B . . . . . . . . . . . . .	L Near	 000011BC _TEXT	
??019C . . . . . . . . . . . . .	Number	 00000000h   
??019D . . . . . . . . . . . . .	Byte	 0000217A _DATA	
??019F . . . . . . . . . . . . .	Byte	 000022A9 _DATA	
??01A0 . . . . . . . . . . . . .	Byte	 0000217D _DATA	
??01A1 . . . . . . . . . . . . .	Text   	 o
??01A2 . . . . . . . . . . . . .	Byte	 0000217C _DATA	
??01A3 . . . . . . . . . . . . .	L Near	 000011EF _TEXT	
??01A4 . . . . . . . . . . . . .	L Near	 00001223 _TEXT	
??01A5 . . . . . . . . . . . . .	Byte	 000022C4 _DATA	
??01A6 . . . . . . . . . . . . .	Byte	 000022AD _DATA	
??01A7 . . . . . . . . . . . . .	Text   	 "
??01A8 . . . . . . . . . . . . .	Byte	 000022AC _DATA	
??01AA . . . . . . . . . . . . .	L Near	 00001269 _TEXT	
??01AB . . . . . . . . . . . . .	Number	 00000000h   
??01AC . . . . . . . . . . . . .	Byte	 000022C7 _DATA	
??01AE . . . . . . . . . . . . .	Byte	 000023F6 _DATA	
??01AF . . . . . . . . . . . . .	Byte	 000022CA _DATA	
??01B0 . . . . . . . . . . . . .	Text   	 o
??01B1 . . . . . . . . . . . . .	Byte	 000022C9 _DATA	
??01B2 . . . . . . . . . . . . .	L Near	 0000129C _TEXT	
??01B3 . . . . . . . . . . . . .	L Near	 000012D0 _TEXT	
??01B4 . . . . . . . . . . . . .	Byte	 0000241A _DATA	
??01B5 . . . . . . . . . . . . .	Byte	 000023FA _DATA	
??01B6 . . . . . . . . . . . . .	Text   	 "
??01B7 . . . . . . . . . . . . .	Byte	 000023F9 _DATA	
??01B9 . . . . . . . . . . . . .	L Near	 0000131D _TEXT	
??01BA . . . . . . . . . . . . .	Number	 00000000h   
??01BB . . . . . . . . . . . . .	Byte	 0000241D _DATA	
??01BD . . . . . . . . . . . . .	Byte	 0000254C _DATA	
??01BE . . . . . . . . . . . . .	Byte	 00002420 _DATA	
??01BF . . . . . . . . . . . . .	Text   	 o
??01C0 . . . . . . . . . . . . .	Byte	 0000241F _DATA	
??01C1 . . . . . . . . . . . . .	L Near	 00001350 _TEXT	
??01C2 . . . . . . . . . . . . .	L Near	 00001384 _TEXT	
??01C3 . . . . . . . . . . . . .	Byte	 00002573 _DATA	
??01C4 . . . . . . . . . . . . .	Byte	 00002550 _DATA	
??01C5 . . . . . . . . . . . . .	Text   	 "
??01C6 . . . . . . . . . . . . .	Byte	 0000254F _DATA	
??01C8 . . . . . . . . . . . . .	L Near	 000013CC _TEXT	
??01C9 . . . . . . . . . . . . .	Number	 00000000h   
??01CA . . . . . . . . . . . . .	Byte	 00002576 _DATA	
??01CC . . . . . . . . . . . . .	Byte	 000026A5 _DATA	
??01CD . . . . . . . . . . . . .	Byte	 00002579 _DATA	
??01CE . . . . . . . . . . . . .	Text   	 o
??01CF . . . . . . . . . . . . .	Byte	 00002578 _DATA	
??01D0 . . . . . . . . . . . . .	L Near	 000013FF _TEXT	
??01D1 . . . . . . . . . . . . .	L Near	 00001433 _TEXT	
??01D2 . . . . . . . . . . . . .	Number	 00000001h   
??01D3 . . . . . . . . . . . . .	Number	 00000002h   
??01D4 . . . . . . . . . . . . .	Number	 00000000h   
??01D5 . . . . . . . . . . . . .	Byte	 000026B8 _DATA	
??01DD . . . . . . . . . . . . .	Number	 00000001h   
??01DF . . . . . . . . . . . . .	Byte	 000026B5 _DATA	
??01E0 . . . . . . . . . . . . .	Byte	 000026A9 _DATA	
??01E1 . . . . . . . . . . . . .	Text   	 "
??01E2 . . . . . . . . . . . . .	Byte	 000026A8 _DATA	
??01E4 . . . . . . . . . . . . .	L Near	 00001490 _TEXT	
??01E5 . . . . . . . . . . . . .	Number	 00000000h   
??01E6 . . . . . . . . . . . . .	Byte	 000026BB _DATA	
??01E8 . . . . . . . . . . . . .	Byte	 000027EA _DATA	
??01E9 . . . . . . . . . . . . .	Byte	 000026BE _DATA	
??01EA . . . . . . . . . . . . .	Text   	 o
??01EB . . . . . . . . . . . . .	Byte	 000026BD _DATA	
??01EC . . . . . . . . . . . . .	L Near	 000014E1 _TEXT	
??01ED . . . . . . . . . . . . .	L Near	 00001515 _TEXT	
??01F4 . . . . . . . . . . . . .	Byte	 000027EE _DATA	
??01F5 . . . . . . . . . . . . .	Text   	 "
??01F6 . . . . . . . . . . . . .	Byte	 000027ED _DATA	
??01F8 . . . . . . . . . . . . .	L Near	 0000155C _TEXT	
??01F9 . . . . . . . . . . . . .	Byte	 000027FF _DATA	
??01FA . . . . . . . . . . . . .	Text   	 "
??01FB . . . . . . . . . . . . .	Byte	 000027FE _DATA	
??01FD . . . . . . . . . . . . .	L Near	 00001582 _TEXT	
??CommonHeapElemSize . . . . . .	DWord	 00000004 _DATA	
??ConsoleMode  . . . . . . . . .	Byte	 00000008 _DATA	
??TotalHeapAllocated . . . . . .	DWord	 00000000 _DATA	
??buf  . . . . . . . . . . . . .	Byte	 00000019 _DATA	
??sTime  . . . . . . . . . . . .	SystemTime  00000009 _DATA	
@CodeSize  . . . . . . . . . . .	Number	 00000000h   
@DOS . . . . . . . . . . . . . .	Text   	 DOS
@DataSize  . . . . . . . . . . .	Number	 00000000h   
@INCHAR  . . . . . . . . . . . .	Text   	 @inchar
@ININTLN . . . . . . . . . . . .	Text   	 @inintln
@ININT . . . . . . . . . . . . .	Text   	 @inint
@InChar  . . . . . . . . . . . .	Text   	 @inchar
@InInt . . . . . . . . . . . . .	Text   	 @inint
@Inchar  . . . . . . . . . . . .	Text   	 @inchar
@InintLn . . . . . . . . . . . .	Text   	 @inintln
@Inintln . . . . . . . . . . . .	Text   	 @inintln
@Inint . . . . . . . . . . . . .	Text   	 @inint
@Interface . . . . . . . . . . .	Number	 00000003h   
@L . . . . . . . . . . . . . . .	L Near	 000012ED _TEXT	
@Model . . . . . . . . . . . . .	Number	 00000007h   
@READKEY . . . . . . . . . . . .	Text   	 @readkey
@ReadKey . . . . . . . . . . . .	Text   	 @readkey
@code  . . . . . . . . . . . . .	Text   	 _TEXT
@data  . . . . . . . . . . . . .	Text   	 FLAT
@dos . . . . . . . . . . . . . .	Text   	 DOS
@fardata?  . . . . . . . . . . .	Text   	 FLAT
@fardata . . . . . . . . . . . .	Text   	 FLAT
@random  . . . . . . . . . . . .	Text   	 @Random
@stack . . . . . . . . . . . . .	Text   	 FLAT
AllocConsole@0 . . . . . . . . .	L Near	 00000000 FLAT	External STDCALL
Begin  . . . . . . . . . . . . .	L Near	 00000E1E _TEXT	
Black  . . . . . . . . . . . . .	Number	 00000000h   
Blue . . . . . . . . . . . . . .	Number	 00000001h   
Bright . . . . . . . . . . . . .	Number	 00000008h   
Brown  . . . . . . . . . . . . .	Number	 00000006h   
CLRSCR . . . . . . . . . . . . .	Text   	 ClrScr
CREATE_ALWAYS  . . . . . . . . .	Number	 00000002h   
CREATE_NEW . . . . . . . . . . .	Number	 00000001h   
CharToOem  . . . . . . . . . . .	Text   	 CharToOemA
Cls  . . . . . . . . . . . . . .	Text   	 ClrScr
CreateFile . . . . . . . . . . .	Text   	 CreateFileA
Cyan . . . . . . . . . . . . . .	Number	 00000003h   
DISPOSE  . . . . . . . . . . . .	Text   	 dispose
DarkGray . . . . . . . . . . . .	Number	 00000008h   
Dispose  . . . . . . . . . . . .	Text   	 dispose
EXIT . . . . . . . . . . . . . .	Text   	 exit
Exit . . . . . . . . . . . . . .	Text   	 exit
FILE_ATTRIBUTE_ARCHIVE . . . . .	Number	 00000020h   
FILE_ATTRIBUTE_COMPRESSED  . . .	Number	 00000800h   
FILE_ATTRIBUTE_DIRECTORY . . . .	Number	 00000010h   
FILE_ATTRIBUTE_HIDDEN  . . . . .	Number	 00000002h   
FILE_ATTRIBUTE_NORMAL  . . . . .	Number	 00000080h   
FILE_ATTRIBUTE_READONLY  . . . .	Number	 00000001h   
FILE_ATTRIBUTE_SYSTEM  . . . . .	Number	 00000004h   
FILE_ATTRIBUTE_TEMPORARY . . . .	Number	 00000100h   
FLUSH  . . . . . . . . . . . . .	Text   	 flush
Flush  . . . . . . . . . . . . .	Text   	 flush
FreeConsole@0  . . . . . . . . .	L Near	 00000000 FLAT	External STDCALL
GENERIC_ALL  . . . . . . . . . .	Number	 10000000h   
GENERIC_EXECUTE  . . . . . . . .	Number	 20000000h   
GENERIC_READ . . . . . . . . . .	Number	 -80000000h   
GENERIC_WRITE  . . . . . . . . .	Number	 40000000h   
GMEM_FIXED . . . . . . . . . . .	Number	 00000000h   
GMEM_ZEROINIT  . . . . . . . . .	Number	 00000040h   
GOTOXY . . . . . . . . . . . . .	Text   	 gotoXY
GetModuleHandle  . . . . . . . .	Text   	 GetModuleHandleA
GotoXY . . . . . . . . . . . . .	Text   	 gotoXY
Green  . . . . . . . . . . . . .	Number	 00000002h   
IDABORT  . . . . . . . . . . . .	Number	 00000003h   
IDCANCEL . . . . . . . . . . . .	Number	 00000002h   
IDIGNORE . . . . . . . . . . . .	Number	 00000005h   
IDNO . . . . . . . . . . . . . .	Number	 00000007h   
IDOK . . . . . . . . . . . . . .	Number	 00000001h   
IDRETRY  . . . . . . . . . . . .	Number	 00000004h   
IDYES  . . . . . . . . . . . . .	Number	 00000006h   
INCHAR . . . . . . . . . . . . .	Text   	 inchar
ININTLN  . . . . . . . . . . . .	Text   	 inintln
ININT  . . . . . . . . . . . . .	Text   	 inint
INPUTSTR . . . . . . . . . . . .	Text   	 InputStr
InChar . . . . . . . . . . . . .	Text   	 inchar
InInt  . . . . . . . . . . . . .	Text   	 inint
Inchar . . . . . . . . . . . . .	Text   	 inchar
InintLn  . . . . . . . . . . . .	Text   	 inintln
Inintln  . . . . . . . . . . . .	Text   	 inintln
Inint  . . . . . . . . . . . . .	Text   	 inint
L1 . . . . . . . . . . . . . . .	L Near	 00001458 _TEXT	
LANG_NEUTRAL . . . . . . . . . .	Number	 00000000h   
LightBlue  . . . . . . . . . . .	Number	 00000009h   
LightGray  . . . . . . . . . . .	Number	 00000007h   
LightGreen . . . . . . . . . . .	Number	 0000000Ah   
LightMagenta . . . . . . . . . .	Number	 0000000Dh   
LightRed . . . . . . . . . . . .	Number	 0000000Ch   
L  . . . . . . . . . . . . . . .	L Near	 00001455 _TEXT	
MB_ABORTRETRYIGNORE  . . . . . .	Number	 00000002h   
MB_CANCELTRYCONTINUE . . . . . .	Number	 00000006h   
MB_DEFBUTTON1  . . . . . . . . .	Number	 00000000h   
MB_DEFBUTTON2  . . . . . . . . .	Number	 00000100h   
MB_DEFBUTTON3  . . . . . . . . .	Number	 00000200h   
MB_DEFBUTTON4  . . . . . . . . .	Number	 00000300h   
MB_HELP  . . . . . . . . . . . .	Number	 00004000h   
MB_ICONASTERISK  . . . . . . . .	Number	 00000040h   
MB_ICONEXCLAMATION . . . . . . .	Number	 00000030h   
MB_ICONHAND  . . . . . . . . . .	Number	 00000008h   
MB_ICONQUESTION  . . . . . . . .	Number	 00000020h   
MB_ICONSTOP  . . . . . . . . . .	Number	 00000010h   
MB_OKCANCEL  . . . . . . . . . .	Number	 00000001h   
MB_OK  . . . . . . . . . . . . .	Number	 00000000h   
MB_RETRYCANCEL . . . . . . . . .	Number	 00000005h   
MB_RIGHT . . . . . . . . . . . .	Number	 00080000h   
MB_SYSTEMMODAL . . . . . . . . .	Number	 00001000h   
MB_USERICON  . . . . . . . . . .	Number	 00000080h   
MB_YESNOCANCEL . . . . . . . . .	Number	 00000003h   
MB_YESNO . . . . . . . . . . . .	Number	 00000004h   
MSGBOX . . . . . . . . . . . . .	Text   	 MsgBox
Magenta  . . . . . . . . . . . .	Number	 00000005h   
MaxLongint . . . . . . . . . . .	Number	 -80000000h   
MessageBoxIndirect . . . . . . .	Text   	 MessageBoxIndirectA
MessageBox . . . . . . . . . . .	Text   	 _imp__MessageBoxA@16
NEWLINE  . . . . . . . . . . . .	Text   	 newline
NEW  . . . . . . . . . . . . . .	Text   	 new
NULL . . . . . . . . . . . . . .	Number	 00000000h   
NewLine  . . . . . . . . . . . .	Text   	 newline
Newline  . . . . . . . . . . . .	Text   	 newline
New  . . . . . . . . . . . . . .	Text   	 new
Next . . . . . . . . . . . . . .	L Near	 0000152D _TEXT	
OPEN_ALWAYS  . . . . . . . . . .	Number	 00000004h   
OPEN_EXISTING  . . . . . . . . .	Number	 00000003h   
OUTCHARLN  . . . . . . . . . . .	Text   	 outcharln
OUTCHAR  . . . . . . . . . . . .	Text   	 outchar
OUTCH  . . . . . . . . . . . . .	Text   	 outchar
OUTCLN . . . . . . . . . . . . .	Text   	 outcharln
OUTDATELN  . . . . . . . . . . .	Text   	 outdateln
OUTDATE  . . . . . . . . . . . .	Text   	 outdate
OUTINTLN . . . . . . . . . . . .	Text   	 outintln
OUTINT . . . . . . . . . . . . .	Text   	 outint
OUTI . . . . . . . . . . . . . .	Text   	 outint
OUTSTRLN . . . . . . . . . . . .	Text   	 outstrln
OUTSTR . . . . . . . . . . . . .	Text   	 outstr
OUTTIMELN  . . . . . . . . . . .	Text   	 outtimeln
OUTTIME  . . . . . . . . . . . .	Text   	 outtime
OUTU . . . . . . . . . . . . . .	Text   	 outword
OUTWORDLN  . . . . . . . . . . .	Text   	 outwordln
OUTWORD  . . . . . . . . . . . .	Text   	 outword
OutCharLn  . . . . . . . . . . .	Text   	 outcharln
OutCharln  . . . . . . . . . . .	Text   	 outcharln
OutChar  . . . . . . . . . . . .	Text   	 outchar
OutDateLn  . . . . . . . . . . .	Text   	 outdateln
OutDateln  . . . . . . . . . . .	Text   	 outdateln
OutDate  . . . . . . . . . . . .	Text   	 outdate
OutILn . . . . . . . . . . . . .	Text   	 outintln
OutIln . . . . . . . . . . . . .	Text   	 outintln
OutIntLn . . . . . . . . . . . .	Text   	 outintln
OutInt . . . . . . . . . . . . .	Text   	 outint
OutI . . . . . . . . . . . . . .	Text   	 outint
OutNumLn . . . . . . . . . . . .	Text   	 outnumln
OutNumln . . . . . . . . . . . .	Text   	 outnumln
OutNum . . . . . . . . . . . . .	Text   	 outnum
OutStrLn . . . . . . . . . . . .	Text   	 outstrln
OutStr . . . . . . . . . . . . .	Text   	 outstr
OutTimeLn  . . . . . . . . . . .	Text   	 outtimeln
OutTimeln  . . . . . . . . . . .	Text   	 outtimeln
OutTime  . . . . . . . . . . . .	Text   	 outtime
OutULn . . . . . . . . . . . . .	Text   	 outwordln
OutUln . . . . . . . . . . . . .	Text   	 outwordln
OutUnsignedLn  . . . . . . . . .	Text   	 outwordln
OutUnsignedln  . . . . . . . . .	Text   	 outwordln
OutUnsigned  . . . . . . . . . .	Text   	 outword
OutU . . . . . . . . . . . . . .	Text   	 outword
OutWordLn  . . . . . . . . . . .	Text   	 outwordln
OutWord  . . . . . . . . . . . .	Text   	 outword
OutintLn . . . . . . . . . . . .	Text   	 outintln
Outintln . . . . . . . . . . . .	Text   	 outintln
Outint . . . . . . . . . . . . .	Text   	 outint
OutstrLn . . . . . . . . . . . .	Text   	 outstrln
OutwordLn  . . . . . . . . . . .	Text   	 outwordln
Outword  . . . . . . . . . . . .	Text   	 outword
PAGE_EXECUTE_READWRITE . . . . .	Number	 00000040h   
PAGE_EXECUTE_READ  . . . . . . .	Number	 00000020h   
PAGE_EXECUTE_WRITECOPY . . . . .	Number	 00000080h   
PAGE_EXECUTE . . . . . . . . . .	Number	 00000010h   
PAGE_NOACCESS  . . . . . . . . .	Number	 00000001h   
PAGE_READONLY  . . . . . . . . .	Number	 00000002h   
PAGE_READWRITE . . . . . . . . .	Number	 00000004h   
PAGE_WRITECOPY . . . . . . . . .	Number	 00000008h   
PAUSE  . . . . . . . . . . . . .	Text   	 pause
Pause  . . . . . . . . . . . . .	Text   	 pause
READKEY  . . . . . . . . . . . .	Text   	 readkey
ReadKey  . . . . . . . . . . . .	Text   	 readkey
Red  . . . . . . . . . . . . . .	Number	 00000004h   
STD_ERROR_HANDLE . . . . . . . .	Number	 -0000000Ch   
STD_INPUT_HANDLE . . . . . . . .	Number	 -0000000Ah   
STD_OUTPUT_HANDLE  . . . . . . .	Number	 -0000000Bh   
SetConsoleTitle  . . . . . . . .	Text   	 SetConsoleTitleA
Start  . . . . . . . . . . . . .	L Near	 00000CE9 _TEXT	Public STDCALL
Sum  . . . . . . . . . . . . . .	Byte	 000002E5 _DATA	
TRUNCATE_EXISTING  . . . . . . .	Number	 00000005h   
URLDownloadToFile  . . . . . . .	Text   	 URLDownloadToFileA
White  . . . . . . . . . . . . .	Number	 0000000Fh   
X  . . . . . . . . . . . . . . .	DWord	 000002E1 _DATA	
Yellow . . . . . . . . . . . . .	Number	 0000000Eh   
_10  . . . . . . . . . . . . . .	DWord	 0000001D _DATA	
_imp__MessageBoxA@16 . . . . . .	DWord	 00000000 FLAT	External STDCALL
_imp___exit  . . . . . . . . . .	DWord	 00000000 FLAT	External STDCALL
_imp__printf . . . . . . . . . .	DWord	 00000000 FLAT	External STDCALL
_imp__scanf  . . . . . . . . . .	DWord	 00000000 FLAT	External STDCALL
_imp__sprintf  . . . . . . . . .	DWord	 00000000 FLAT	External STDCALL
black  . . . . . . . . . . . . .	Number	 00000000h   
blue . . . . . . . . . . . . . .	Number	 00000001h   
bright . . . . . . . . . . . . .	Number	 00000008h   
brown  . . . . . . . . . . . . .	Number	 00000006h   
clrscr . . . . . . . . . . . . .	Text   	 ClrScr
crt__exit  . . . . . . . . . . .	Text   	 _imp___exit
crt_printf . . . . . . . . . . .	Text   	 _imp__printf
crt_scanf  . . . . . . . . . . .	Text   	 _imp__scanf
crt_sprintf  . . . . . . . . . .	Text   	 _imp__sprintf
cyan . . . . . . . . . . . . . .	Number	 00000003h   
darkgray . . . . . . . . . . . .	Number	 00000008h   
dos  . . . . . . . . . . . . . .	Text   	 DOS
downloadfile . . . . . . . . . .	Text   	 DownloadFile
fmt  . . . . . . . . . . . . . .	Byte	 00000021 _DATA	
gotoxy . . . . . . . . . . . . .	Text   	 gotoXY
green  . . . . . . . . . . . . .	Number	 00000002h   
heapblocksize  . . . . . . . . .	Text   	 HeapBlockSize
inputstr . . . . . . . . . . . .	Text   	 InputStr
lightblue  . . . . . . . . . . .	Number	 00000009h   
lightgray  . . . . . . . . . . .	Number	 00000007h   
lightgreen . . . . . . . . . . .	Number	 0000000Ah   
lightmagenta . . . . . . . . . .	Number	 0000000Dh   
lightred . . . . . . . . . . . .	Number	 0000000Ch   
magenta  . . . . . . . . . . . .	Number	 00000005h   
msgbox . . . . . . . . . . . . .	Text   	 MsgBox
nil  . . . . . . . . . . . . . .	DWord 	 00000000h   
outch  . . . . . . . . . . . . .	Text   	 outchar
outintLn . . . . . . . . . . . .	Text   	 outintln
outi . . . . . . . . . . . . . .	Text   	 outint
outu . . . . . . . . . . . . . .	Text   	 outword
outwordLn  . . . . . . . . . . .	Text   	 outwordln
randomize  . . . . . . . . . . .	Text   	 Randomize
red  . . . . . . . . . . . . . .	Number	 00000004h   
settextattr  . . . . . . . . . .	Text   	 SetTextAttr
whereX . . . . . . . . . . . . .	Text   	 WhereX
whereY . . . . . . . . . . . . .	Text   	 WhereY
wherex . . . . . . . . . . . . .	Text   	 WhereX
wherey . . . . . . . . . . . . .	Text   	 WhereY
white  . . . . . . . . . . . . .	Number	 0000000Fh   
yellow . . . . . . . . . . . . .	Number	 0000000Eh   

	   0 Warnings
	   0 Errors
